<?xml version="1.0" encoding="UTF-8"?>
<!-- Generated by org.testng.reporters.JUnitReportReporter -->
<testsuite skipped="0" hostname="DESKTOP-E1GG69V" name="framework.SeleniumTest" tests="2" failures="0" timestamp="2022-03-22T15:42:31 IST" time="0.000" errors="0">
  <testcase name="SelTest1" time="0.000" classname="framework.SeleniumTest"/>
  <system-out/>
  <testcase name="SelTest2" time="0.000" classname="framework.SeleniumTest"/>
  <system-out/>
</testsuite> <!-- framework.SeleniumTest -->
