<?xml version="1.0" encoding="UTF-8"?>
<!-- Generated by org.testng.reporters.JUnitReportReporter -->
<testsuite skipped="0" hostname="DESKTOP-E1GG69V" name="framework.RestAPITest" tests="2" failures="0" timestamp="2022-03-22T15:42:31 IST" time="0.007" errors="0">
  <testcase name="RestAPITest2" time="0.001" classname="framework.RestAPITest"/>
  <system-out/>
  <testcase name="RestAPITest1" time="0.006" classname="framework.RestAPITest"/>
  <system-out/>
</testsuite> <!-- framework.RestAPITest -->
